{"uid":"254f7f655fa5266","name":"test_one_two_fail","fullName":"tests.one.test_one_two#test_one_two_fail","historyId":"5b0d771037fb7a8fad0b74a9b6f38a8d","time":{"start":1771788338455,"stop":1771788338455,"duration":0},"status":"failed","statusMessage":"AssertionError: assert False","statusTrace":"def test_one_two_fail():\n>       assert False\nE       assert False\n\ntests/one/test_one_two.py:14: AssertionError","flaky":false,"newFailed":false,"newBroken":false,"newPassed":false,"retriesCount":0,"retriesStatusChange":false,"beforeStages":[],"afterStages":[],"labels":[{"name":"epic","value":"Suite One"},{"name":"feature","value":"One Two"},{"name":"parentSuite","value":"tests.one"},{"name":"suite","value":"test_one_two"},{"name":"host","value":"runnervmwffz4"},{"name":"thread","value":"2328-MainThread"},{"name":"framework","value":"pytest"},{"name":"language","value":"cpython3"},{"name":"package","value":"tests.one.test_one_two"},{"name":"resultFormat","value":"allure2"}],"parameters":[],"links":[],"hidden":false,"retry":false,"extra":{"severity":"normal","retries":[],"categories":[{"name":"Product defects","matchedStatuses":[]}],"tags":[]},"source":"254f7f655fa5266.json","parameterValues":[]}